This is pdfTeX, Version 3.14159265-2.6-1.40.20 (TeX Live 2019) (preloaded format=pdflatex 2019.5.8)  11 FEB 2020 21:56
entering extended mode
 restricted \write18 enabled.
 %&-line parsing enabled.
**MaxEnt_Exp.tex
(./MaxEnt_Exp.tex
LaTeX2e <2018-12-01>
(/usr/local/texlive/2019/texmf-dist/tex/latex/base/article.cls
Document Class: article 2018/09/03 v1.4i Standard LaTeX document class
(/usr/local/texlive/2019/texmf-dist/tex/latex/base/size10.clo
File: size10.clo 2018/09/03 v1.4i Standard LaTeX file (size option)
)
\c@part=\count80
\c@section=\count81
\c@subsection=\count82
\c@subsubsection=\count83
\c@paragraph=\count84
\c@subparagraph=\count85
\c@figure=\count86
\c@table=\count87
\abovecaptionskip=\skip41
\belowcaptionskip=\skip42
\bibindent=\dimen102
)
(/usr/local/texlive/2019/texmf-dist/tex/latex/graphics/graphicx.sty
Package: graphicx 2017/06/01 v1.1a Enhanced LaTeX Graphics (DPC,SPQR)

(/usr/local/texlive/2019/texmf-dist/tex/latex/graphics/keyval.sty
Package: keyval 2014/10/28 v1.15 key=value parser (DPC)
\KV@toks@=\toks14
)
(/usr/local/texlive/2019/texmf-dist/tex/latex/graphics/graphics.sty
Package: graphics 2017/06/25 v1.2c Standard LaTeX Graphics (DPC,SPQR)

(/usr/local/texlive/2019/texmf-dist/tex/latex/graphics/trig.sty
Package: trig 2016/01/03 v1.10 sin cos tan (DPC)
)
(/usr/local/texlive/2019/texmf-dist/tex/latex/graphics-cfg/graphics.cfg
File: graphics.cfg 2016/06/04 v1.11 sample graphics configuration
)
Package graphics Info: Driver file: pdftex.def on input line 99.

(/usr/local/texlive/2019/texmf-dist/tex/latex/graphics-def/pdftex.def
File: pdftex.def 2018/01/08 v1.0l Graphics/color driver for pdftex
))
\Gin@req@height=\dimen103
\Gin@req@width=\dimen104
)
(/usr/local/texlive/2019/texmf-dist/tex/latex/graphics/rotating.sty
Package: rotating 2016/08/11 v2.16d rotated objects in LaTeX

(/usr/local/texlive/2019/texmf-dist/tex/latex/base/ifthen.sty
Package: ifthen 2014/09/29 v1.1c Standard LaTeX ifthen package (DPC)
)
\c@r@tfl@t=\count88
\rotFPtop=\skip43
\rotFPbot=\skip44
\rot@float@box=\box27
\rot@mess@toks=\toks15
)
(/usr/local/texlive/2019/texmf-dist/tex/latex/apacite/apacite.sty
Package: apacite 2013/07/21 v6.03 APA citation
\c@BibCnt=\count89
\bibleftmargin=\skip45
\bibindent=\skip46
\bibparsep=\skip47
\bibitemsep=\skip48
\biblabelsep=\skip49
)
(/usr/local/texlive/2019/texmf-dist/tex/latex/tocbibind/tocbibind.sty
Package: tocbibind 2010/10/13 v1.5k extra ToC listings
Package tocbibind Info: The document has section divisions on input line 50.


Package tocbibind Note: Using section or other style headings.

) (/usr/local/texlive/2019/texmf-dist/tex/latex/float/float.sty
Package: float 2001/11/08 v1.3d Float enhancements (AL)
\c@float@type=\count90
\float@exts=\toks16
\float@box=\box28
\@float@everytoks=\toks17
\@floatcapt=\box29
)
(./MaxEnt_Exp.aux)
\openout1 = `MaxEnt_Exp.aux'.

LaTeX Font Info:    Checking defaults for OML/cmm/m/it on input line 13.
LaTeX Font Info:    ... okay on input line 13.
LaTeX Font Info:    Checking defaults for T1/cmr/m/n on input line 13.
LaTeX Font Info:    ... okay on input line 13.
LaTeX Font Info:    Checking defaults for OT1/cmr/m/n on input line 13.
LaTeX Font Info:    ... okay on input line 13.
LaTeX Font Info:    Checking defaults for OMS/cmsy/m/n on input line 13.
LaTeX Font Info:    ... okay on input line 13.
LaTeX Font Info:    Checking defaults for OMX/cmex/m/n on input line 13.
LaTeX Font Info:    ... okay on input line 13.
LaTeX Font Info:    Checking defaults for U/cmr/m/n on input line 13.
LaTeX Font Info:    ... okay on input line 13.

(/usr/local/texlive/2019/texmf-dist/tex/context/base/mkii/supp-pdf.mkii
[Loading MPS to PDF converter (version 2006.09.02).]
\scratchcounter=\count91
\scratchdimen=\dimen105
\scratchbox=\box30
\nofMPsegments=\count92
\nofMParguments=\count93
\everyMPshowfont=\toks18
\MPscratchCnt=\count94
\MPscratchDim=\dimen106
\MPnumerator=\count95
\makeMPintoPDFobject=\count96
\everyMPtoPDFconversion=\toks19
) (/usr/local/texlive/2019/texmf-dist/tex/latex/oberdiek/epstopdf-base.sty
Package: epstopdf-base 2016/05/15 v2.6 Base part for package epstopdf

(/usr/local/texlive/2019/texmf-dist/tex/generic/oberdiek/infwarerr.sty
Package: infwarerr 2016/05/16 v1.4 Providing info/warning/error messages (HO)
)
(/usr/local/texlive/2019/texmf-dist/tex/latex/oberdiek/grfext.sty
Package: grfext 2016/05/16 v1.2 Manage graphics extensions (HO)

(/usr/local/texlive/2019/texmf-dist/tex/generic/oberdiek/kvdefinekeys.sty
Package: kvdefinekeys 2016/05/16 v1.4 Define keys (HO)

(/usr/local/texlive/2019/texmf-dist/tex/generic/oberdiek/ltxcmds.sty
Package: ltxcmds 2016/05/16 v1.23 LaTeX kernel commands for general use (HO)
)))
(/usr/local/texlive/2019/texmf-dist/tex/latex/oberdiek/kvoptions.sty
Package: kvoptions 2016/05/16 v3.12 Key value format for package options (HO)

(/usr/local/texlive/2019/texmf-dist/tex/generic/oberdiek/kvsetkeys.sty
Package: kvsetkeys 2016/05/16 v1.17 Key value parser (HO)

(/usr/local/texlive/2019/texmf-dist/tex/generic/oberdiek/etexcmds.sty
Package: etexcmds 2016/05/16 v1.6 Avoid name clashes with e-TeX commands (HO)

(/usr/local/texlive/2019/texmf-dist/tex/generic/oberdiek/ifluatex.sty
Package: ifluatex 2016/05/16 v1.4 Provides the ifluatex switch (HO)
Package ifluatex Info: LuaTeX not detected.
))))
(/usr/local/texlive/2019/texmf-dist/tex/generic/oberdiek/pdftexcmds.sty
Package: pdftexcmds 2018/09/10 v0.29 Utility functions of pdfTeX for LuaTeX (HO
)

(/usr/local/texlive/2019/texmf-dist/tex/generic/oberdiek/ifpdf.sty
Package: ifpdf 2018/09/07 v3.3 Provides the ifpdf switch
)
Package pdftexcmds Info: LuaTeX not detected.
Package pdftexcmds Info: \pdf@primitive is available.
Package pdftexcmds Info: \pdf@ifprimitive is available.
Package pdftexcmds Info: \pdfdraftmode found.
)
Package epstopdf-base Info: Redefining graphics rule for `.eps' on input line 4
38.
Package grfext Info: Graphics extension search list:
(grfext)             [.pdf,.png,.jpg,.mps,.jpeg,.jbig2,.jb2,.PDF,.PNG,.JPG,.JPE
G,.JBIG2,.JB2,.eps]
(grfext)             \AppendGraphicsExtensions on input line 456.

(/usr/local/texlive/2019/texmf-dist/tex/latex/latexconfig/epstopdf-sys.cfg
File: epstopdf-sys.cfg 2010/07/13 v1.3 Configuration of (r)epstopdf for TeX Liv
e
))
\c@maskedRefs=\count97

(/usr/local/texlive/2019/texmf-dist/tex/latex/apacite/english.apc
File: english.apc 2013/07/21 v6.03 apacite language file
LaTeX Info: Redefining \BPBI on input line 129.
LaTeX Info: Redefining \BHBI on input line 130.
)
LaTeX Font Info:    External font `cmex10' loaded for size
(Font)              <12> on input line 15.
LaTeX Font Info:    External font `cmex10' loaded for size
(Font)              <8> on input line 15.
LaTeX Font Info:    External font `cmex10' loaded for size
(Font)              <6> on input line 15.

(./Materials_and_Methods.tex (./Model_Framework.tex) (./Experimental_Data.tex
LaTeX Font Info:    External font `cmex10' loaded for size
(Font)              <7> on input line 4.
LaTeX Font Info:    External font `cmex10' loaded for size
(Font)              <5> on input line 4.

Overfull \hbox (12.77066pt too wide) in paragraph at lines 4--5
\OT1/cmr/m/n/10 formed 6 con-tin-u-ous cul-tures, ($\OML/cmm/m/it/10 A$\OT1/cmr
/m/n/10 , $\OML/cmm/m/it/10 B$\OT1/cmr/m/n/10 , $\OML/cmm/m/it/10 C$\OT1/cmr/m/
n/10 , $\OML/cmm/m/it/10 D$\OT1/cmr/m/n/10 , $\OML/cmm/m/it/10 E$\OT1/cmr/m/n/1
0 , $\OML/cmm/m/it/10 F$\OT1/cmr/m/n/10 ), with the cell line AGE1.HN.AA1.
 []

) (./Preparing_GEMs.tex [1

{/usr/local/texlive/2019/texmf-var/fonts/map/pdftex/updmap/pdftex.map}]))
Overfull \hbox (12.04088pt too wide) in paragraph at lines 7--18
\OT1/cmr/m/n/10 iJR904 []Reed et al.[], 2003) (down-load link: $\OML/cmm/m/it/1
0 https \OT1/cmr/m/n/10 : \OML/cmm/m/it/10 ==darwin:di:uminho:pt=models$\OT1/cm
r/m/n/10 )
 []

[2] (./Results.tex
Overfull \hbox (10.5656pt too wide) in paragraph at lines 12--18
\OT1/cmr/m/n/10 data shows that two cells in a cul-ture are un-likely to be equ
al ($[\OML/cmm/m/it/10 citeRequired\OT1/cmr/m/n/10 !!!18\OML/cmm/m/it/10 ; \OT1
/cmr/m/n/10 ]$),
 []

<low_medium_1.png, id=17, 629.2308pt x 462.528pt>
File: low_medium_1.png Graphic file (type png)
<use low_medium_1.png>
Package pdftex.def Info: low_medium_1.png  used on input line 23.
(pdftex.def)             Requested size: 314.61462pt x 231.26343pt.
[3]) [4 <./low_medium_1.png>] (./References.tex (./MaxEnt_Exp.bbl
Underfull \hbox (badness 3460) in paragraph at lines 14--40
\OT1/cmr/m/n/10 Z., Barab^^Sasi, A.-L., & Olt-vai, Z. N.  (2007, July).  In-tra
-cel-lu-
 []


Underfull \hbox (badness 2150) in paragraph at lines 14--40
\OT1/cmr/m/n/10 lar crowd-ing de-fines the mode and se-quence of sub-strate up-
take by
 []


Underfull \hbox (badness 1596) in paragraph at lines 14--40
\OT1/cmr/m/n/10 Es-cherichia coli and con-strains its metabolic ac-tiv-ity.  \O
T1/cmr/m/it/10 Pro-ceed-ings of
 []


Underfull \hbox (badness 1852) in paragraph at lines 14--40
\OT1/cmr/m/it/10 the Na-tional Academy of Sci-ences\OT1/cmr/m/n/10 , \OT1/cmr/m
/it/10 104\OT1/cmr/m/n/10 (31), 12663--12668.  Re-trieved
 []


Underfull \hbox (badness 1303) in paragraph at lines 14--40
\OT1/cmr/m/n/10 2019-11-06, from \OT1/cmtt/m/n/10 https://www.pnas.org/content/
104/31/12663   \OT1/cmr/m/n/10 doi:
 []


Underfull \hbox (badness 1163) in paragraph at lines 54--74
\OT1/cmr/m/n/10 the max-i-mum en-tropy ap-proach and its ap-pli-ca-tion to in-f
er-ence prob-
 []


Underfull \hbox (badness 1112) in paragraph at lines 54--74
\OT1/cmr/m/n/10 lems in bi-ol-ogy.  \OT1/cmr/m/it/10 He-liyon\OT1/cmr/m/n/10 , 
\OT1/cmr/m/it/10 4\OT1/cmr/m/n/10 (4), e00596.  Re-trieved 2019-10-25, from
 []


Underfull \hbox (badness 10000) in paragraph at lines 54--74
\OT1/cmtt/m/n/10 https://linkinghub.elsevier.com/retrieve/pii/S2405844018301695

 []


Underfull \hbox (badness 1147) in paragraph at lines 118--137
\OT1/cmr/m/n/10 mum en-tropy and pop-u-la-tion het-ero-gene-ity in con-tin-u-ou
s cell cul-tures.
 []


Overfull \hbox (69.49643pt too wide) in paragraph at lines 118--137
\OT1/cmtt/m/n/10 https://journals.plos.org/ploscompbiol/article?id=10.1371/jour
nal.pcbi.1006823
 []


Underfull \hbox (badness 5954) in paragraph at lines 185--206
[]\OT1/cmr/m/n/10 Niklas, J., Pries-nitz, C., Rose, T., Sandig, V., & Hein-zle,
 E.
 []


Underfull \hbox (badness 7308) in paragraph at lines 185--206
\OT1/cmr/m/n/10 (2013).  Metabolism and metabolic bur-den by a 1 -antitrypsin
 []


Underfull \hbox (badness 10000) in paragraph at lines 185--206
\OT1/cmr/m/n/10 pro-duc-tion.  \OT1/cmr/m/it/10 Metabolic En-gi-neer-ing\OT1/cm
r/m/n/10 , \OT1/cmr/m/it/10 16\OT1/cmr/m/n/10 , 103--114.  Re-trieved
 []


Underfull \hbox (badness 10000) in paragraph at lines 185--206
\OT1/cmr/m/n/10 from \OT1/cmtt/m/n/10 http://dx.doi.org/10.1016/j.ymben.2013.01
.002   \OT1/cmr/m/n/10 doi:
 []

[5]
Underfull \hbox (badness 1484) in paragraph at lines 353--376
[]\OT1/cmr/m/n/10 Shlomi, T., Benyamini, T., Got-tlieb, E., Sha-ran, R., & Rup-
pin, E.
 []


Underfull \hbox (badness 2781) in paragraph at lines 353--376
\OT1/cmr/m/n/10 of Pro-lif-er-a-tive Adap-ta-tion in Caus-ing the War-burg Ef-f
ect.  \OT1/cmr/m/it/10 PLOS
 []


Underfull \hbox (badness 2680) in paragraph at lines 353--376
\OT1/cmr/m/it/10 Com-pu-ta-tional Bi-ol-ogy\OT1/cmr/m/n/10 , \OT1/cmr/m/it/10 7
\OT1/cmr/m/n/10 (3), e1002018.  Re-trieved 2019-11-05, from
 []


Overfull \hbox (69.49643pt too wide) in paragraph at lines 353--376
\OT1/cmtt/m/n/10 https://journals.plos.org/ploscompbiol/article?id=10.1371/jour
nal.pcbi.1002018
 []

)) [6] (./Appendix.tex (./Tables.tex
<Table_3_1.png, id=34, 509.7444pt x 449.5194pt>
File: Table_3_1.png Graphic file (type png)
<use Table_3_1.png>
Package pdftex.def Info: Table_3_1.png  used on input line 3.
(pdftex.def)             Requested size: 346.6216pt x 305.66913pt.

Overfull \hbox (1.6216pt too wide) in paragraph at lines 3--4
 [][] 
 []


LaTeX Warning: Citation `Rath2017a' undefined on input line 4.


LaTeX Warning: Citation `Rath2017a' undefined on input line 4.

<Table_4_10.png, id=35, 520.8258pt x 188.3838pt>
File: Table_4_10.png Graphic file (type png)
<use Table_4_10.png>
Package pdftex.def Info: Table_4_10.png  used on input line 10.
(pdftex.def)             Requested size: 260.41226pt x 94.19167pt.

LaTeX Warning: Citation `Rath2017a' undefined on input line 11.


LaTeX Warning: Citation `Rath2017a' undefined on input line 11.

<Table_4_11.png, id=36, 829.6596pt x 460.6008pt>
File: Table_4_11.png Graphic file (type png)
<use Table_4_11.png>
Package pdftex.def Info: Table_4_11.png  used on input line 17.
(pdftex.def)             Requested size: 580.75777pt x 322.41835pt.

Overfull \hbox (30.75777pt too wide) in paragraph at lines 17--18
 [][] 
 []


LaTeX Warning: Citation `Rath2017a' undefined on input line 18.


LaTeX Warning: Citation `Rath2017a' undefined on input line 18.

<Table_4_12.png, id=37, 268.8444pt x 445.1832pt>
File: Table_4_12.png Graphic file (type png)
<use Table_4_12.png>
Package pdftex.def Info: Table_4_12.png  used on input line 24.
(pdftex.def)             Requested size: 215.0758pt x 356.14705pt.

LaTeX Warning: Citation `Rath2017a' undefined on input line 25.


LaTeX Warning: Citation `Rath2017a' undefined on input line 25.

)) [7 <./Table_3_1.png> <./Table_4_10.png>] [8 <./Table_4_11.png>] [9 <./Table_
4_12.png>] (./MaxEnt_Exp.aux)

LaTeX Warning: There were undefined references.

 ) 
Here is how much of TeX's memory you used:
 2226 strings out of 492616
 31842 string characters out of 6129482
 101072 words of memory out of 5000000
 6099 multiletter control sequences out of 15000+600000
 8409 words of font info for 30 fonts, out of 8000000 for 9000
 1141 hyphenation exceptions out of 8191
 41i,9n,25p,882b,289s stack positions out of 5000i,500n,10000p,200000b,80000s
</usr/local/texlive/2019/texmf-dist/fonts/type1/public/amsfonts/cm/cmbx10.pfb
></usr/local/texlive/2019/texmf-dist/fonts/type1/public/amsfonts/cm/cmbx12.pfb>
</usr/local/texlive/2019/texmf-dist/fonts/type1/public/amsfonts/cm/cmmi10.pfb><
/usr/local/texlive/2019/texmf-dist/fonts/type1/public/amsfonts/cm/cmr10.pfb></u
sr/local/texlive/2019/texmf-dist/fonts/type1/public/amsfonts/cm/cmr12.pfb></usr
/local/texlive/2019/texmf-dist/fonts/type1/public/amsfonts/cm/cmr17.pfb></usr/l
ocal/texlive/2019/texmf-dist/fonts/type1/public/amsfonts/cm/cmr7.pfb></usr/loca
l/texlive/2019/texmf-dist/fonts/type1/public/amsfonts/cm/cmsy10.pfb></usr/local
/texlive/2019/texmf-dist/fonts/type1/public/amsfonts/cm/cmti10.pfb></usr/local/
texlive/2019/texmf-dist/fonts/type1/public/amsfonts/cm/cmtt10.pfb>
Output written on MaxEnt_Exp.pdf (9 pages, 1114168 bytes).
PDF statistics:
 85 PDF objects out of 1000 (max. 8388607)
 53 compressed objects within 1 object stream
 0 named destinations out of 1000 (max. 500000)
 26 words of extra memory for PDF output out of 10000 (max. 10000000)

